Copyright 1986-2018 Xilinx, Inc. All Rights Reserved.
------------------------------------------------------------------------------------------------------------------------------------
| Tool Version : Vivado v.2018.1 (win64) Build 2188600 Wed Apr  4 18:40:38 MDT 2018
| Date         : Sun Jun  9 21:59:16 2024
| Host         : LAPTOP-66OF9HIK running 64-bit major release  (build 9200)
| Command      : report_drc -file System_wrapper_drc_routed.rpt -pb System_wrapper_drc_routed.pb -rpx System_wrapper_drc_routed.rpx
| Design       : System_wrapper
| Device       : xc7z010clg400-1
| Speed File   : -1
| Design State : Routed
------------------------------------------------------------------------------------------------------------------------------------

Report DRC

Table of Contents
-----------------
1. REPORT SUMMARY
2. REPORT DETAILS

1. REPORT SUMMARY
-----------------
            Netlist: netlist
          Floorplan: design_1
      Design limits: <entire design considered>
           Ruledeck: default
             Max violations: <unlimited>
             Violations found: 15
+-----------+----------+------------------------+------------+
| Rule      | Severity | Description            | Violations |
+-----------+----------+------------------------+------------+
| DPIP-1    | Warning  | Input pipelining       | 13         |
| DPOP-2    | Warning  | MREG Output pipelining | 1          |
| RTSTAT-10 | Warning  | No routable loads      | 1          |
+-----------+----------+------------------------+------------+

2. REPORT DETAILS
-----------------
DPIP-1#1 Warning
Input pipelining  
DSP System_i/FIR_Filter_0/U0/FIR_Filter_v1_0_S_AXI_inst/FILTER/FILTER/accumulator0 input System_i/FIR_Filter_0/U0/FIR_Filter_v1_0_S_AXI_inst/FILTER/FILTER/accumulator0/B[17:0] is not pipelined. Pipelining DSP48 input will improve performance.
Related violations: <none>

DPIP-1#2 Warning
Input pipelining  
DSP System_i/FIR_Filter_0/U0/FIR_Filter_v1_0_S_AXI_inst/FILTER/FILTER/accumulator0__0 input System_i/FIR_Filter_0/U0/FIR_Filter_v1_0_S_AXI_inst/FILTER/FILTER/accumulator0__0/B[17:0] is not pipelined. Pipelining DSP48 input will improve performance.
Related violations: <none>

DPIP-1#3 Warning
Input pipelining  
DSP System_i/FIR_Filter_0/U0/FIR_Filter_v1_0_S_AXI_inst/FILTER/FILTER/accumulator0__1 input System_i/FIR_Filter_0/U0/FIR_Filter_v1_0_S_AXI_inst/FILTER/FILTER/accumulator0__1/B[17:0] is not pipelined. Pipelining DSP48 input will improve performance.
Related violations: <none>

DPIP-1#4 Warning
Input pipelining  
DSP System_i/FIR_Filter_0/U0/FIR_Filter_v1_0_S_AXI_inst/FILTER/FILTER/accumulator0__10 input System_i/FIR_Filter_0/U0/FIR_Filter_v1_0_S_AXI_inst/FILTER/FILTER/accumulator0__10/B[17:0] is not pipelined. Pipelining DSP48 input will improve performance.
Related violations: <none>

DPIP-1#5 Warning
Input pipelining  
DSP System_i/FIR_Filter_0/U0/FIR_Filter_v1_0_S_AXI_inst/FILTER/FILTER/accumulator0__2 input System_i/FIR_Filter_0/U0/FIR_Filter_v1_0_S_AXI_inst/FILTER/FILTER/accumulator0__2/B[17:0] is not pipelined. Pipelining DSP48 input will improve performance.
Related violations: <none>

DPIP-1#6 Warning
Input pipelining  
DSP System_i/FIR_Filter_0/U0/FIR_Filter_v1_0_S_AXI_inst/FILTER/FILTER/accumulator0__3 input System_i/FIR_Filter_0/U0/FIR_Filter_v1_0_S_AXI_inst/FILTER/FILTER/accumulator0__3/B[17:0] is not pipelined. Pipelining DSP48 input will improve performance.
Related violations: <none>

DPIP-1#7 Warning
Input pipelining  
DSP System_i/FIR_Filter_0/U0/FIR_Filter_v1_0_S_AXI_inst/FILTER/FILTER/accumulator0__4 input System_i/FIR_Filter_0/U0/FIR_Filter_v1_0_S_AXI_inst/FILTER/FILTER/accumulator0__4/B[17:0] is not pipelined. Pipelining DSP48 input will improve performance.
Related violations: <none>

DPIP-1#8 Warning
Input pipelining  
DSP System_i/FIR_Filter_0/U0/FIR_Filter_v1_0_S_AXI_inst/FILTER/FILTER/accumulator0__5 input System_i/FIR_Filter_0/U0/FIR_Filter_v1_0_S_AXI_inst/FILTER/FILTER/accumulator0__5/B[17:0] is not pipelined. Pipelining DSP48 input will improve performance.
Related violations: <none>

DPIP-1#9 Warning
Input pipelining  
DSP System_i/FIR_Filter_0/U0/FIR_Filter_v1_0_S_AXI_inst/FILTER/FILTER/accumulator0__6 input System_i/FIR_Filter_0/U0/FIR_Filter_v1_0_S_AXI_inst/FILTER/FILTER/accumulator0__6/B[17:0] is not pipelined. Pipelining DSP48 input will improve performance.
Related violations: <none>

DPIP-1#10 Warning
Input pipelining  
DSP System_i/FIR_Filter_0/U0/FIR_Filter_v1_0_S_AXI_inst/FILTER/FILTER/accumulator0__7 input System_i/FIR_Filter_0/U0/FIR_Filter_v1_0_S_AXI_inst/FILTER/FILTER/accumulator0__7/B[17:0] is not pipelined. Pipelining DSP48 input will improve performance.
Related violations: <none>

DPIP-1#11 Warning
Input pipelining  
DSP System_i/FIR_Filter_0/U0/FIR_Filter_v1_0_S_AXI_inst/FILTER/FILTER/accumulator0__8 input System_i/FIR_Filter_0/U0/FIR_Filter_v1_0_S_AXI_inst/FILTER/FILTER/accumulator0__8/B[17:0] is not pipelined. Pipelining DSP48 input will improve performance.
Related violations: <none>

DPIP-1#12 Warning
Input pipelining  
DSP System_i/FIR_Filter_0/U0/FIR_Filter_v1_0_S_AXI_inst/FILTER/FILTER/accumulator0__9 input System_i/FIR_Filter_0/U0/FIR_Filter_v1_0_S_AXI_inst/FILTER/FILTER/accumulator0__9/B[17:0] is not pipelined. Pipelining DSP48 input will improve performance.
Related violations: <none>

DPIP-1#13 Warning
Input pipelining  
DSP System_i/FIR_Filter_0/U0/FIR_Filter_v1_0_S_AXI_inst/FILTER/FILTER/accumulator1 input System_i/FIR_Filter_0/U0/FIR_Filter_v1_0_S_AXI_inst/FILTER/FILTER/accumulator1/B[17:0] is not pipelined. Pipelining DSP48 input will improve performance.
Related violations: <none>

DPOP-2#1 Warning
MREG Output pipelining  
DSP System_i/FIR_Filter_0/U0/FIR_Filter_v1_0_S_AXI_inst/FILTER/FILTER/accumulator0__10 multiplier stage System_i/FIR_Filter_0/U0/FIR_Filter_v1_0_S_AXI_inst/FILTER/FILTER/accumulator0__10/P[47:0] is not pipelined (MREG=0). Pipelining the multiplier function will improve performance and will save significant power so it is suggested whenever possible to fully pipeline this function.  If this multiplier was inferred, it is suggested to describe an additional register stage after this function.  If there is no registered adder/accumulator following the multiply function, two pipeline stages are suggested to allow both the MREG and PREG registers to be used.  If the DSP48 was instantiated in the design, it is suggested to set both the MREG and PREG attributes to 1 when performing multiply functions.
Related violations: <none>

RTSTAT-10#1 Warning
No routable loads  
21 net(s) have no routable loads. The problem bus(es) and/or net(s) are dbg_hub/inst/BSCANID.u_xsdbm_id/CORE_XSDB.UUT_MASTER/U_ICON_INTERFACE/U_CMD6_RD/U_RD_FIFO/SUBCORE_FIFO.xsdbm_v3_0_0_rdfifo_inst/inst_fifo_gen/gconvfifo.rf/grf.rf/gntv_or_sync_fifo.gl0.rd/gr1.gr1_int.rfwft/aempty_fwft_i, dbg_hub/inst/BSCANID.u_xsdbm_id/CORE_XSDB.UUT_MASTER/U_ICON_INTERFACE/U_CMD7_CTL/ctl_reg[2:0], dbg_hub/inst/BSCANID.u_xsdbm_id/CORE_XSDB.UUT_MASTER/U_ICON_INTERFACE/U_CMD7_CTL/ctl_reg_en_2[1], dbg_hub/inst/BSCANID.u_xsdbm_id/CORE_XSDB.UUT_MASTER/U_ICON_INTERFACE/U_CMD1/ctl_reg_en_2[1], dbg_hub/inst/BSCANID.u_xsdbm_id/SWITCH_N_EXT_BSCAN.bscan_switch/m_bscan_capture[0], dbg_hub/inst/BSCANID.u_xsdbm_id/SWITCH_N_EXT_BSCAN.bscan_switch/m_bscan_drck[0], dbg_hub/inst/BSCANID.u_xsdbm_id/SWITCH_N_EXT_BSCAN.bscan_switch/m_bscan_runtest[0], dbg_hub/inst/BSCANID.u_xsdbm_id/CORE_XSDB.UUT_MASTER/U_ICON_INTERFACE/U_CMD6_RD/U_RD_FIFO/SUBCORE_FIFO.xsdbm_v3_0_0_rdfifo_inst/inst_fifo_gen/gconvfifo.rf/grf.rf/gntv_or_sync_fifo.gl0.rd/gras.rsts/ram_empty_i, dbg_hub/inst/BSCANID.u_xsdbm_id/CORE_XSDB.UUT_MASTER/U_ICON_INTERFACE/U_CMD6_WR/U_WR_FIFO/SUBCORE_FIFO.xsdbm_v3_0_0_wrfifo_inst/inst_fifo_gen/gconvfifo.rf/grf.rf/gntv_or_sync_fifo.gl0.wr/gwas.wsts/ram_full_i, dbg_hub/inst/BSCANID.u_xsdbm_id/CORE_XSDB.UUT_MASTER/U_ICON_INTERFACE/U_CMD6_WR/U_WR_FIFO/SUBCORE_FIFO.xsdbm_v3_0_0_wrfifo_inst/inst_fifo_gen/gconvfifo.rf/grf.rf/rstblk/rd_rst_reg[0], dbg_hub/inst/BSCANID.u_xsdbm_id/SWITCH_N_EXT_BSCAN.bscan_inst/s_bscan_tms, System_i/ila_0/U0/ila_core_inst/u_ila_regs/U_XSDB_SLAVE/s_daddr_o[13], System_i/ila_0/U0/ila_core_inst/u_ila_regs/U_XSDB_SLAVE/s_daddr_o[14], System_i/ila_0/U0/ila_core_inst/u_ila_regs/U_XSDB_SLAVE/s_daddr_o[15], System_i/ila_0/U0/ila_core_inst/u_ila_regs/U_XSDB_SLAVE/s_daddr_o[16] (the first 15 of 19 listed).
Related violations: <none>


